<?xml version="1.0" encoding="UTF-8"?>
<testsuite xmlns:xsi="http://www.w3.org/2001/XMLSchema-instance" xsi:noNamespaceSchemaLocation="https://maven.apache.org/surefire/maven-surefire-plugin/xsd/surefire-test-report.xsd" name="org.eclipse.om2m.datamapping.jaxb.MapperTestDynAuthTokenReqInfo" time="13.516" tests="2" errors="0" skipped="0" failures="0">
  <properties>
[...]
</properties>
  <testcase name="test_jsonObjToString" classname="org.eclipse.om2m.datamapping.jaxb.MapperTestDynAuthTokenReqInfo" time="13.516"/>
  <testcase name="test_xmlObjToString" classname="org.eclipse.om2m.datamapping.jaxb.MapperTestDynAuthTokenReqInfo" time="13.515"/>
</testsuite>