<?xml version="1.0" encoding="UTF-8" ?>
<testsuite tests="4" failures="0" name="org.eclipse.om2m.sdt.home.netatmo.impl.DiscoveryTestCase" time="4.178" errors="0" skipped="0">
  <properties>
[...]
</properties>
  <testcase classname="org.eclipse.om2m.sdt.home.netatmo.impl.DiscoveryTestCase" name="testLocalAddress" time="3.639"/>
  <testcase classname="org.eclipse.om2m.sdt.home.netatmo.impl.DiscoveryTestCase" name="testDefaultAddress" time="0.184"/>
  <testcase classname="org.eclipse.om2m.sdt.home.netatmo.impl.DiscoveryTestCase" name="testDiscovery" time="0.181"/>
  <testcase classname="org.eclipse.om2m.sdt.home.netatmo.impl.DiscoveryTestCase" name="testRemoteAddress" time="0.174"/>
</testsuite>